<?xml version="1.0" encoding="UTF-8"?>
<!-- Generated by org.testng.reporters.JUnitXMLReporter -->
<testsuite hostname="sayoghos" name="Test" tests="1" failures="1" timestamp="10 Apr 2016 06:09:10 GMT" time="15.114" errors="0">
  <testcase name="registration1" time="1.363" classname="pack.login.LoginTestScript">
    <failure type="java.lang.Exception">
      <![CDATA[java.lang.Exception
	at pack.login.LoginTestScript.registration1(LoginTestScript.java:84)
... Removed 24 stack frames]]>
    </failure>
  </testcase> <!-- registration1 -->
</testsuite> <!-- Test -->
